<?xml version="1.0" encoding="utf-8"?><testsuites name="pytest tests"><testsuite name="pytest" errors="0" failures="2" skipped="3" tests="203" time="433.191" timestamp="2026-07-01T23:12:33.137860-03:00" hostname="danyel-desktop"><testcase classname="tests.test_cache.TestCache" name="test_setTzCacheLocation" time="0.035" /><testcase classname="tests.test_cache.TestCache" name="test_storeTzNoRaise" time="0.007" /><testcase classname="tests.test_cache_noperms.TestCacheNoPermission" name="test_tzCacheRootLookup" time="0.002" /><testcase classname="tests.test_cache_noperms.TestCacheNoPermission" name="test_tzCacheRootStore" time="0.001" /><testcase classname="tests.test_calendars.TestCalendars" name="test_get_earnings_calendar" time="2.131" /><testcase classname="tests.test_calendars.TestCalendars" name="test_get_earnings_calendar_init_params" time="1.073" /><testcase classname="tests.test_calendars.TestCalendars" name="test_get_economic_events_calendar" time="0.284" /><testcase classname="tests.test_calendars.TestCalendars" name="test_get_ipo_info_calendar" time="0.286" /><testcase classname="tests.test_calendars.TestCalendars" name="test_get_splits_calendar" time="0.291" /><testcase classname="tests.test_data.TestFrozenDict" name="test_is_dict_subclass" time="0.001" /><testcase classname="tests.test_data.TestFrozenDict" name="test_is_hashable" time="0.001" /><testcase classname="tests.test_data.TestFrozenDict" name="test_lru_cache_integration" time="0.003" /><testcase classname="tests.test_data.TestFrozenDict" name="test_mutation_raises" time="0.006" /><testcase classname="tests.test_download_concurrency.TestDownloadConcurrency" name="test_concurrent_downloads_do_not_raise" time="2.308" /><testcase classname="tests.test_download_concurrency.TestDownloadConcurrency" name="test_concurrent_downloads_keep_results_separate" time="1.434" /><testcase classname="tests.test_download_concurrency.TestDownloadConcurrency" name="test_download_does_not_use_module_globals" time="0.566" /><testcase classname="tests.test_http.TestHttpBackend" name="test_cookie_jar_works_for_requests_session" time="0.013" /><testcase classname="tests.test_http.TestHttpBackend" name="test_disable_env_var_forces_fallback" time="0.004" /><testcase classname="tests.test_http.TestHttpBackend" name="test_fallback_when_curl_cffi_missing" time="0.004" /><testcase classname="tests.test_http.TestHttpBackend" name="test_is_supported_session_accepts_requests_session" time="0.003" /><testcase classname="tests.test_live.TestWebSocket" name="test_decode_message_invalid" time="0.017" /><testcase classname="tests.test_live.TestWebSocket" name="test_decode_message_valid" time="0.001" /><testcase classname="tests.test_lookup.TestLookup" name="test_get_all" time="0.539" /><testcase classname="tests.test_lookup.TestLookup" name="test_get_cryptocurrency" time="0.378" /><testcase classname="tests.test_lookup.TestLookup" name="test_get_currency" time="0.376" /><testcase classname="tests.test_lookup.TestLookup" name="test_get_etf" time="0.404" /><testcase classname="tests.test_lookup.TestLookup" name="test_get_future" time="0.423" /><testcase classname="tests.test_lookup.TestLookup" name="test_get_index" time="0.684" /><testcase classname="tests.test_lookup.TestLookup" name="test_get_mutualfund" time="0.431" /><testcase classname="tests.test_lookup.TestLookup" name="test_get_stock" time="0.390" /><testcase classname="tests.test_lookup.TestLookup" name="test_large_all" time="1.153" /><testcase classname="tests.test_market.TestMarketValidation" name="test_enum_input" time="0.001" /><testcase classname="tests.test_market.TestMarketValidation" name="test_invalid_market_raises" time="0.008" /><testcase classname="tests.test_market.TestMarketValidation" name="test_market_region_members" time="0.001" /><testcase classname="tests.test_market.TestMarketValidation" name="test_market_region_str_equality" time="0.001" /><testcase classname="tests.test_market.TestMarketValidation" name="test_string_input" time="0.001" /><testcase classname="tests.test_market.TestMarketFetch" name="test_europe_summary_returns_regional_exchanges" time="0.564" /><testcase classname="tests.test_market.TestMarketFetch" name="test_non_us_status_is_none" time="0.001" /><testcase classname="tests.test_market.TestMarketFetch" name="test_us_summary_and_status" time="0.555" /><testcase classname="tests.test_multi.TestDownloadThreadSafety" name="test_concurrent_downloads_return_only_own_tickers" time="0.064" /><testcase classname="tests.test_price_repair.TestPriceRepairAssumptions" name="test_resampling" time="3.977"><failure message="AssertionError: True is not false">self = &lt;tests.test_price_repair.TestPriceRepairAssumptions testMethod=test_resampling&gt;

    def test_resampling(self):
        for tkr in ['GOOGL', 'GLEN.L', '2330.TW']:
            dat = yf.Ticker(tkr, session=self.session)
    
            intervals = ['1d', '1wk', '1mo', '3mo']
            periods = ['1d', '5d', '1mo', '3mo', '6mo', '1y', '2y', '5y', '10y', 'ytd']#, 'max']
            # Yahoo handles period=max weird. For tkr=INTC, interval=1d starts 5 years before interval=1mo
            for i in range(len(intervals)):
                interval = intervals[i]
                if interval == '1d':
                    continue
                for j in range(i, len(periods)):
                    period = periods[j]
    
                    df_truth = dat.history(interval=interval, period=period)
                    # df_1d = dat.history(interval='1d', period=period)
                    # dfr = dat._lazy_load_price_history()._resample(df_1d, '1d', interval, period)
                    dfr = dat.history(interval=interval, period=period, repair=True)
    
                    debug = False
                    if len(dfr) != len(df_truth):
                        if dfr.index[1] == df_truth.index[0]:
                            # print("  - resampled has extra row at start")
                            pass
                        elif dfr.index[0] == df_truth.index[1]:
                            print("  - resampled missing a row at start")
                            debug = True
                        else:
                            print("  - resampled index different length")
                            debug = True
                    elif (dfr.index != df_truth.index).all():
                        print("  - resampled index mismatch:")
                        print(dfr.index == df_truth.index)
                        debug = True
                    else:
                        # vol_match = dfr['Volume'] == df_truth['Volume']
                        vol_diff_pct0 = (dfr['Volume'].iloc[0] - df_truth['Volume'].iloc[0])/df_truth['Volume'].iloc[0]
                        vol_diff_pct1 = (dfr['Volume'].iloc[-1] - df_truth['Volume'].iloc[-1])/df_truth['Volume'].iloc[-1]
                        vol_diff_pct = _np.array([vol_diff_pct0, vol_diff_pct1])
                        vol_match = vol_diff_pct &gt; -0.32
                        vol_match_nmatch = _np.sum(vol_match)
                        vol_match_ndiff = len(vol_match) - vol_match_nmatch
                        if vol_match.all():
                            # print("  - volume match 100%")
                            pass
                        elif vol_match_ndiff == 1 and (not vol_match[-1]):
                            # Almost perfect, only last row different. Not my fault.
                            pass
                        else:
                            # print(f"  - volume match {vol_match_nmatch}/{len(vol_match)} {vol_match.to_numpy()}")
                            print(f"  - volume significantly different in first or last row: vol_diff_pct={vol_diff_pct*100}%")
                            debug = True
    
                    if debug:
                        print("- investigate:")
                        print(f"  - tkr = {tkr}")
                        print(f"  - interval = {interval}")
                        print(f"  - period = {period}")
                        print("- df_truth:")
                        print(df_truth[['Open', 'Close', 'Volume']])
                        df_1d = dat.history(interval='1d', period=period)
                        print("- df_1d:")
                        print(df_1d[['Open', 'Close', 'Volume']])
                        print("- dfr:")
                        print(dfr[['Open', 'Close', 'Volume']])
&gt;                       self.assertFalse(True)
E                       AssertionError: True is not false

tests\test_price_repair.py:90: AssertionError</failure></testcase><testcase classname="tests.test_price_repair.TestPriceRepair" name="test_reconstruct_2m" time="12.928" /><testcase classname="tests.test_price_repair.TestPriceRepair" name="test_repair_100x_block_daily" time="1.930" /><testcase classname="tests.test_price_repair.TestPriceRepair" name="test_repair_100x_random_daily" time="0.731" /><testcase classname="tests.test_price_repair.TestPriceRepair" name="test_repair_100x_random_weekly" time="0.853" /><testcase classname="tests.test_price_repair.TestPriceRepair" name="test_repair_100x_random_weekly_preSplit" time="0.736" /><testcase classname="tests.test_price_repair.TestPriceRepair" name="test_repair_bad_div_adjusts" time="18.150" /><testcase classname="tests.test_price_repair.TestPriceRepair" name="test_repair_bad_stock_splits" time="63.095" /><testcase classname="tests.test_price_repair.TestPriceRepair" name="test_repair_capital_gains_double_count" time="0.922" /><testcase classname="tests.test_price_repair.TestPriceRepair" name="test_repair_zeroes_daily" time="1.586"><failure message="AssertionError: np.False_ is not true">self = &lt;tests.test_price_repair.TestPriceRepair testMethod=test_repair_zeroes_daily&gt;

    def test_repair_zeroes_daily(self):
        tkr = "BBIL.L"
        dat = yf.Ticker(tkr, session=self.session)
        hist = dat._lazy_load_price_history()
        tz_exchange = dat.fast_info["timezone"]
    
        correct_df = dat.history(period='1mo', auto_adjust=False)
    
        dt_bad = correct_df.index[len(correct_df)//2]
        df_bad = correct_df.copy()
        for c in df_bad.columns:
            df_bad.loc[dt_bad, c] = _np.nan
    
        repaired_df = hist._fix_zeroes(df_bad, "1d", tz_exchange, prepost=False)
    
        for c in ["Open", "Low", "High", "Close"]:
            try:
&gt;               self.assertTrue(_np.isclose(repaired_df[c], correct_df[c], rtol=1e-7).all())
E               AssertionError: np.False_ is not true

tests\test_price_repair.py:376: AssertionError</failure></testcase><testcase classname="tests.test_price_repair.TestPriceRepair" name="test_repair_zeroes_daily_adjClose" time="2.808" /><testcase classname="tests.test_price_repair.TestPriceRepair" name="test_repair_zeroes_hourly" time="1.018" /><testcase classname="tests.test_price_repair.TestPriceRepair" name="test_types" time="0.350" /><testcase classname="tests.test_prices.TestPriceHistory" name="test_aggregate_capital_gains" time="0.912" /><testcase classname="tests.test_prices.TestPriceHistory" name="test_dailyWithEvents" time="2.763" /><testcase classname="tests.test_prices.TestPriceHistory" name="test_dailyWithEvents_bugs" time="2.016" /><testcase classname="tests.test_prices.TestPriceHistory" name="test_daily_index" time="7.147" /><testcase classname="tests.test_prices.TestPriceHistory" name="test_download_multi_large_interval" time="3.901" /><testcase classname="tests.test_prices.TestPriceHistory" name="test_download_multi_small_interval" time="7.949" /><testcase classname="tests.test_prices.TestPriceHistory" name="test_download_with_invalid_ticker" time="4.815" /><testcase classname="tests.test_prices.TestPriceHistory" name="test_dst_fix" time="1.353" /><testcase classname="tests.test_prices.TestPriceHistory" name="test_duplicatingDaily" time="1.825" /><testcase classname="tests.test_prices.TestPriceHistory" name="test_duplicatingHourly" time="1.803" /><testcase classname="tests.test_prices.TestPriceHistory" name="test_duplicatingWeekly" time="3.405" /><testcase classname="tests.test_prices.TestPriceHistory" name="test_intraDayWithEvents" time="2.807" /><testcase classname="tests.test_prices.TestPriceHistory" name="test_intraDayWithEvents_tase" time="3.526" /><testcase classname="tests.test_prices.TestPriceHistory" name="test_invalid_ticker_raises_prices_missing_not_type_error" time="6.428" /><testcase classname="tests.test_prices.TestPriceHistory" name="test_monthlyWithEvents" time="1.008" /><testcase classname="tests.test_prices.TestPriceHistory" name="test_monthlyWithEvents2" time="1.324" /><testcase classname="tests.test_prices.TestPriceHistory" name="test_pricesEventsMerge" time="0.057" /><testcase classname="tests.test_prices.TestPriceHistory" name="test_pricesEventsMerge_bug" time="0.005" /><testcase classname="tests.test_prices.TestPriceHistory" name="test_prune_post_intraday_asx" time="0.968" /><testcase classname="tests.test_prices.TestPriceHistory" name="test_prune_post_intraday_us" time="3.599"><skipped type="pytest.skip" message="TEST NEEDS UPDATE: 'special_day' needs to be LATEST Thanksgiving date">C:\Users\danye\Documents\Manutenção\tests\test_prices.py:400: TEST NEEDS UPDATE: 'special_day' needs to be LATEST Thanksgiving date</skipped></testcase><testcase classname="tests.test_prices.TestPriceHistory" name="test_transient_error_detection" time="0.001" /><testcase classname="tests.test_prices.TestPriceHistory" name="test_tz_dst_ambiguous" time="0.329"><skipped type="pytest.xfail" message="" /></testcase><testcase classname="tests.test_prices.TestPriceHistory" name="test_weeklyWithEvents" time="0.948" /><testcase classname="tests.test_prices.TestPriceHistory" name="test_weekly_2rows_fix" time="0.313" /><testcase classname="tests.test_screener.TestScreener" name="test_fetch_predefined" time="0.001" /><testcase classname="tests.test_screener.TestScreener" name="test_fetch_query" time="0.022" /><testcase classname="tests.test_screener.TestScreener" name="test_set_large_size_in_body" time="0.003" /><testcase classname="tests.test_search.TestSearch" name="test_empty_query" time="3.515" /><testcase classname="tests.test_search.TestSearch" name="test_fuzzy_query" time="0.341" /><testcase classname="tests.test_search.TestSearch" name="test_invalid_query" time="0.305" /><testcase classname="tests.test_search.TestSearch" name="test_news" time="0.365" /><testcase classname="tests.test_search.TestSearch" name="test_quotes" time="0.320" /><testcase classname="tests.test_search.TestSearch" name="test_research_reports" time="0.320" /><testcase classname="tests.test_sector_region.TestSectorRegion" name="test_default_region_is_us" time="0.001" /><testcase classname="tests.test_sector_region.TestSectorRegion" name="test_industry_region_propagates" time="0.000" /><testcase classname="tests.test_sector_region.TestSectorRegion" name="test_region_is_normalized" time="0.003" /><testcase classname="tests.test_sector_region.TestSectorRegion" name="test_us_and_gb_top_companies_differ" time="1.001" /><testcase classname="tests.test_ticker.TestTicker" name="test_badTicker" time="50.875" /><testcase classname="tests.test_ticker.TestTicker" name="test_getTz" time="1.466" /><testcase classname="tests.test_ticker.TestTicker" name="test_goodTicker" time="65.810" /><testcase classname="tests.test_ticker.TestTicker" name="test_goodTicker_withProxy" time="10.266" /><testcase classname="tests.test_ticker.TestTicker" name="test_invalid_period" time="0.914" /><testcase classname="tests.test_ticker.TestTicker" name="test_ticker_missing" time="6.812" /><testcase classname="tests.test_ticker.TestTicker" name="test_ticker_with_symbol_mic" time="0.001" /><testcase classname="tests.test_ticker.TestTicker" name="test_ticker_with_symbol_mic_invalid" time="0.001" /><testcase classname="tests.test_ticker.TestTicker" name="test_valid_custom_periods" time="6.900" /><testcase classname="tests.test_ticker.TestTickerHistory" name="test_actions" time="1.483" /><testcase classname="tests.test_ticker.TestTickerHistory" name="test_chained_history_calls" time="1.645" /><testcase classname="tests.test_ticker.TestTickerHistory" name="test_dividends" time="1.222" /><testcase classname="tests.test_ticker.TestTickerHistory" name="test_download" time="26.778" /><testcase classname="tests.test_ticker.TestTickerHistory" name="test_history" time="0.942" /><testcase classname="tests.test_ticker.TestTickerHistory" name="test_history_metadata" time="2.564" /><testcase classname="tests.test_ticker.TestTickerHistory" name="test_splits" time="0.950" /><testcase classname="tests.test_ticker.TestTickerEarnings" name="test_earnings_dates" time="1.467" /><testcase classname="tests.test_ticker.TestTickerEarnings" name="test_earnings_dates_with_limit" time="1.103" /><testcase classname="tests.test_ticker.TestTickerHolders" name="test_insider_purchases" time="3.155" /><testcase classname="tests.test_ticker.TestTickerHolders" name="test_insider_roster_holders" time="0.107" /><testcase classname="tests.test_ticker.TestTickerHolders" name="test_insider_transactions" time="0.108" /><testcase classname="tests.test_ticker.TestTickerHolders" name="test_institutional_holders" time="0.108" /><testcase classname="tests.test_ticker.TestTickerHolders" name="test_major_holders" time="0.108" /><testcase classname="tests.test_ticker.TestTickerHolders" name="test_mutualfund_holders" time="0.109" /><testcase classname="tests.test_ticker.TestTickerMiscFinancials" name="test_bad_freq_value_raises_exception" time="0.001" /><testcase classname="tests.test_ticker.TestTickerMiscFinancials" name="test_balance_sheet" time="0.461" /><testcase classname="tests.test_ticker.TestTickerMiscFinancials" name="test_balance_sheet_alt_names" time="0.534" /><testcase classname="tests.test_ticker.TestTickerMiscFinancials" name="test_calendar" time="0.280" /><testcase classname="tests.test_ticker.TestTickerMiscFinancials" name="test_cash_flow" time="0.424" /><testcase classname="tests.test_ticker.TestTickerMiscFinancials" name="test_cash_flow_alt_names" time="1.133" /><testcase classname="tests.test_ticker.TestTickerMiscFinancials" name="test_income_alt_names" time="1.216" /><testcase classname="tests.test_ticker.TestTickerMiscFinancials" name="test_income_statement" time="0.021" /><testcase classname="tests.test_ticker.TestTickerMiscFinancials" name="test_isin" time="2.102" /><testcase classname="tests.test_ticker.TestTickerMiscFinancials" name="test_options" time="0.290" /><testcase classname="tests.test_ticker.TestTickerMiscFinancials" name="test_quarterly_balance_sheet" time="0.046" /><testcase classname="tests.test_ticker.TestTickerMiscFinancials" name="test_quarterly_cash_flow" time="0.056" /><testcase classname="tests.test_ticker.TestTickerMiscFinancials" name="test_quarterly_income_statement" time="0.051" /><testcase classname="tests.test_ticker.TestTickerMiscFinancials" name="test_shares_full" time="0.536" /><testcase classname="tests.test_ticker.TestTickerMiscFinancials" name="test_ttm_cash_flow" time="0.022" /><testcase classname="tests.test_ticker.TestTickerMiscFinancials" name="test_ttm_income_statement" time="0.034" /><testcase classname="tests.test_ticker.TestTickerAnalysts" name="test_analyst_price_targets" time="0.278" /><testcase classname="tests.test_ticker.TestTickerAnalysts" name="test_earnings_estimate" time="0.297" /><testcase classname="tests.test_ticker.TestTickerAnalysts" name="test_earnings_history" time="0.285" /><testcase classname="tests.test_ticker.TestTickerAnalysts" name="test_eps_trend" time="0.102" /><testcase classname="tests.test_ticker.TestTickerAnalysts" name="test_growth_estimates" time="0.420" /><testcase classname="tests.test_ticker.TestTickerAnalysts" name="test_no_analysts" time="16.653" /><testcase classname="tests.test_ticker.TestTickerAnalysts" name="test_recommendations" time="0.277" /><testcase classname="tests.test_ticker.TestTickerAnalysts" name="test_recommendations_summary" time="0.101" /><testcase classname="tests.test_ticker.TestTickerAnalysts" name="test_revenue_estimate" time="0.282" /><testcase classname="tests.test_ticker.TestTickerAnalysts" name="test_upgrades_downgrades" time="0.430" /><testcase classname="tests.test_ticker.TestTickerInfo" name="test_complementary_info" time="1.375" /><testcase classname="tests.test_ticker.TestTickerInfo" name="test_empty_info" time="0.834" /><testcase classname="tests.test_ticker.TestTickerInfo" name="test_fast_info" time="1.125" /><testcase classname="tests.test_ticker.TestTickerInfo" name="test_info" time="0.555" /><testcase classname="tests.test_ticker.TestTickerInfo" name="test_isin_info" time="8.331" /><testcase classname="tests.test_ticker.TestTickerFundsData" name="test_asset_classes" time="0.865" /><testcase classname="tests.test_ticker.TestTickerFundsData" name="test_bond_holdings" time="0.494" /><testcase classname="tests.test_ticker.TestTickerFundsData" name="test_bond_ratings" time="0.673" /><testcase classname="tests.test_ticker.TestTickerFundsData" name="test_description" time="0.310" /><testcase classname="tests.test_ticker.TestTickerFundsData" name="test_equity_holdings" time="0.491" /><testcase classname="tests.test_ticker.TestTickerFundsData" name="test_fetch_and_parse" time="0.584" /><testcase classname="tests.test_ticker.TestTickerFundsData" name="test_fund_operations" time="0.851" /><testcase classname="tests.test_ticker.TestTickerFundsData" name="test_fund_overview" time="0.486" /><testcase classname="tests.test_ticker.TestTickerFundsData" name="test_sector_weightings" time="0.309" /><testcase classname="tests.test_ticker.TestTickerFundsData" name="test_top_holdings" time="0.311" /><testcase classname="tests.test_ticker.TestTickerValuationMeasures" name="test_valuation_measures" time="0.007" /><testcase classname="tests.test_ticker.TestTickerValuationMeasures" name="test_valuation_measures_fetch_error" time="0.001" /><testcase classname="tests.test_ticker.TestTickerValuationMeasures" name="test_valuation_measures_no_table" time="0.001" /><testcase classname="tests.test_ticker_locale.TestTickerLocale" name="test_default_locale_is_en_us" time="0.001" /><testcase classname="tests.test_ticker_locale.TestTickerLocale" name="test_default_returns_english" time="0.844" /><testcase classname="tests.test_ticker_locale.TestTickerLocale" name="test_locale_ja_jp" time="0.851" /><testcase classname="tests.test_ticker_locale.TestTickerLocale" name="test_locale_ru_ru" time="0.842" /><testcase classname="tests.test_ticker_locale.TestTickerLocale" name="test_locale_us_listing_not_translated" time="0.839" /><testcase classname="tests.test_ticker_locale.TestTickerLocale" name="test_locale_zh_hant_hk" time="0.570" /><testcase classname="tests.test_utils.TestPandas" name="test_mixed_timezones_to_datetime" time="0.009" /><testcase classname="tests.test_utils.TestPandas" name="test_mixed_timezones_to_datetime_fails" time="0.001"><skipped type="pytest.xfail" message="" /></testcase><testcase classname="tests.test_utils.TestUtils" name="test_is_valid_period_format_edge_cases" time="0.001" /><testcase classname="tests.test_utils.TestUtils" name="test_is_valid_period_format_invalid" time="0.000" /><testcase classname="tests.test_utils.TestUtils" name="test_is_valid_period_format_valid" time="0.000" /><testcase classname="tests.test_utils.TestDateIntervalCheck" name="test_cross_year_quarters" time="0.000" /><testcase classname="tests.test_utils.TestDateIntervalCheck" name="test_custom_intervals" time="0.000" /><testcase classname="tests.test_utils.TestDateIntervalCheck" name="test_different_days" time="0.000" /><testcase classname="tests.test_utils.TestDateIntervalCheck" name="test_different_months" time="0.001" /><testcase classname="tests.test_utils.TestDateIntervalCheck" name="test_different_weeks" time="0.001" /><testcase classname="tests.test_utils.TestDateIntervalCheck" name="test_hourly_interval" time="0.000" /><testcase classname="tests.test_utils.TestDateIntervalCheck" name="test_minute_intervals" time="0.000" /><testcase classname="tests.test_utils.TestDateIntervalCheck" name="test_month_year_boundary" time="0.000" /><testcase classname="tests.test_utils.TestDateIntervalCheck" name="test_nonstandard_quarters" time="0.000" /><testcase classname="tests.test_utils.TestDateIntervalCheck" name="test_parse_user_dt" time="0.005" /><testcase classname="tests.test_utils.TestDateIntervalCheck" name="test_same_day" time="0.001" /><testcase classname="tests.test_utils.TestDateIntervalCheck" name="test_same_month" time="0.001" /><testcase classname="tests.test_utils.TestDateIntervalCheck" name="test_same_month_different_year" time="0.000" /><testcase classname="tests.test_utils.TestDateIntervalCheck" name="test_same_week_mid_week" time="0.000" /><testcase classname="tests.test_utils.TestDateIntervalCheck" name="test_standard_quarters" time="0.000" /><testcase classname="tests.test_utils.TestDateIntervalCheck" name="test_week_year_boundary" time="0.001" /></testsuite></testsuites>